<?xml version="1.0" encoding="UTF-8"?>
<coverage generated="1678059428674" clover="3.2.0">
  <project timestamp="1678059428674" name="All files">
    <metrics statements="73" coveredstatements="59" conditionals="20" coveredconditionals="12" methods="31" coveredmethods="20" elements="124" coveredelements="91" complexity="0" loc="73" ncloc="73" packages="8" files="8" classes="8"/>
    <package name="plantapp">
      <metrics statements="5" coveredstatements="5" conditionals="2" coveredconditionals="2" methods="3" coveredmethods="3"/>
      <file name="AppContainer.tsx" path="/Users/uykalkan/Projects/plantapp/AppContainer.tsx">
        <metrics statements="5" coveredstatements="5" conditionals="2" coveredconditionals="2" methods="3" coveredmethods="3"/>
        <line num="16" count="2" type="stmt"/>
        <line num="19" count="5" type="stmt"/>
        <line num="20" count="9" type="stmt"/>
        <line num="23" count="4" type="stmt"/>
        <line num="32" count="4" type="stmt"/>
      </file>
    </package>
    <package name="plantapp.src.components">
      <metrics statements="15" coveredstatements="12" conditionals="0" coveredconditionals="0" methods="7" coveredmethods="4"/>
      <file name="Onboarding.tsx" path="/Users/uykalkan/Projects/plantapp/src/components/Onboarding.tsx">
        <metrics statements="15" coveredstatements="12" conditionals="0" coveredconditionals="0" methods="7" coveredmethods="4"/>
        <line num="12" count="2" type="stmt"/>
        <line num="13" count="8" type="stmt"/>
        <line num="14" count="8" type="stmt"/>
        <line num="15" count="8" type="stmt"/>
        <line num="17" count="8" type="stmt"/>
        <line num="18" count="4" type="stmt"/>
        <line num="23" count="8" type="stmt"/>
        <line num="24" count="0" type="stmt"/>
        <line num="27" count="8" type="stmt"/>
        <line num="28" count="1" type="stmt"/>
        <line num="31" count="8" type="stmt"/>
        <line num="40" count="1" type="stmt"/>
        <line num="43" count="0" type="stmt"/>
        <line num="46" count="0" type="stmt"/>
        <line num="55" count="2" type="stmt"/>
      </file>
    </package>
    <package name="plantapp.src.components.CustomTabBar">
      <metrics statements="17" coveredstatements="13" conditionals="16" coveredconditionals="8" methods="5" coveredmethods="3"/>
      <file name="index.tsx" path="/Users/uykalkan/Projects/plantapp/src/components/CustomTabBar/index.tsx">
        <metrics statements="17" coveredstatements="13" conditionals="16" coveredconditionals="8" methods="5" coveredmethods="3"/>
        <line num="22" count="2" type="stmt"/>
        <line num="23" count="16" type="stmt"/>
        <line num="39" count="2" type="stmt"/>
        <line num="44" count="4" type="stmt"/>
        <line num="46" count="4" type="stmt"/>
        <line num="50" count="16" type="cond" truecount="2" falsecount="0"/>
        <line num="53" count="16" type="stmt"/>
        <line num="55" count="16" type="stmt"/>
        <line num="56" count="0" type="stmt"/>
        <line num="62" count="0" type="cond" truecount="0" falsecount="4"/>
        <line num="63" count="0" type="stmt"/>
        <line num="67" count="16" type="cond" truecount="1" falsecount="1"/>
        <line num="68" count="16" type="stmt"/>
        <line num="75" count="16" type="stmt"/>
        <line num="78" count="4" type="stmt"/>
        <line num="79" count="0" type="stmt"/>
        <line num="82" count="4" type="stmt"/>
      </file>
    </package>
    <package name="plantapp.src.redux">
      <metrics statements="7" coveredstatements="7" conditionals="0" coveredconditionals="0" methods="1" coveredmethods="1"/>
      <file name="store.ts" path="/Users/uykalkan/Projects/plantapp/src/redux/store.ts">
        <metrics statements="7" coveredstatements="7" conditionals="0" coveredconditionals="0" methods="1" coveredmethods="1"/>
        <line num="15" count="2" type="stmt"/>
        <line num="21" count="2" type="stmt"/>
        <line num="27" count="2" type="stmt"/>
        <line num="33" count="2" type="stmt"/>
        <line num="38" count="10" type="stmt"/>
        <line num="39" count="2" type="stmt"/>
        <line num="41" count="2" type="stmt"/>
      </file>
    </package>
    <package name="plantapp.src.redux.reduces">
      <metrics statements="4" coveredstatements="3" conditionals="0" coveredconditionals="0" methods="2" coveredmethods="1"/>
      <file name="onboardingSlice.ts" path="/Users/uykalkan/Projects/plantapp/src/redux/reduces/onboardingSlice.ts">
        <metrics statements="4" coveredstatements="3" conditionals="0" coveredconditionals="0" methods="2" coveredmethods="1"/>
        <line num="3" count="2" type="stmt"/>
        <line num="10" count="1" type="stmt"/>
        <line num="13" count="0" type="stmt"/>
        <line num="17" count="2" type="stmt"/>
      </file>
    </package>
    <package name="plantapp.src.screens.GetStartedScreen">
      <metrics statements="2" coveredstatements="2" conditionals="0" coveredconditionals="0" methods="1" coveredmethods="1"/>
      <file name="index.tsx" path="/Users/uykalkan/Projects/plantapp/src/screens/GetStartedScreen/index.tsx">
        <metrics statements="2" coveredstatements="2" conditionals="0" coveredconditionals="0" methods="1" coveredmethods="1"/>
        <line num="17" count="2" type="stmt"/>
        <line num="18" count="8" type="stmt"/>
      </file>
    </package>
    <package name="plantapp.src.screens.HomeScreen">
      <metrics statements="21" coveredstatements="15" conditionals="2" coveredconditionals="2" methods="11" coveredmethods="6"/>
      <file name="index.tsx" path="/Users/uykalkan/Projects/plantapp/src/screens/HomeScreen/index.tsx">
        <metrics statements="21" coveredstatements="15" conditionals="2" coveredconditionals="2" methods="11" coveredmethods="6"/>
        <line num="25" count="2" type="stmt"/>
        <line num="26" count="6" type="stmt"/>
        <line num="28" count="6" type="stmt"/>
        <line num="29" count="0" type="stmt"/>
        <line num="30" count="0" type="stmt"/>
        <line num="33" count="6" type="stmt"/>
        <line num="34" count="3" type="stmt"/>
        <line num="35" count="3" type="stmt"/>
        <line num="36" count="3" type="stmt"/>
        <line num="40" count="6" type="stmt"/>
        <line num="41" count="12" type="stmt"/>
        <line num="44" count="6" type="stmt"/>
        <line num="45" count="12" type="stmt"/>
        <line num="48" count="6" type="stmt"/>
        <line num="50" count="6" type="stmt"/>
        <line num="53" count="0" type="stmt"/>
        <line num="66" count="6" type="stmt"/>
        <line num="69" count="0" type="stmt"/>
        <line num="80" count="6" type="stmt"/>
        <line num="129" count="0" type="stmt"/>
        <line num="138" count="0" type="stmt"/>
      </file>
    </package>
    <package name="plantapp.src.screens.OnboardingOneScreen">
      <metrics statements="2" coveredstatements="2" conditionals="0" coveredconditionals="0" methods="1" coveredmethods="1"/>
      <file name="index.tsx" path="/Users/uykalkan/Projects/plantapp/src/screens/OnboardingOneScreen/index.tsx">
        <metrics statements="2" coveredstatements="2" conditionals="0" coveredconditionals="0" methods="1" coveredmethods="1"/>
        <line num="18" count="2" type="stmt"/>
        <line num="21" count="8" type="stmt"/>
      </file>
    </package>
  </project>
</coverage>
