{"/Users/uykalkan/Projects/plantapp/AppContainer.tsx": {"path":"/Users/uykalkan/Projects/plantapp/AppContainer.tsx","statementMap":{"0":{"start":{"line":16,"column":12},"end":{"line":16,"column":38}},"1":{"start":{"line":19,"column":28},"end":{"line":21,"column":3}},"2":{"start":{"line":20,"column":13},"end":{"line":20,"column":37}},"3":{"start":{"line":23,"column":2},"end":{"line":56,"column":4}},"4":{"start":{"line":32,"column":40},"end":{"line":32,"column":73}}},"fnMap":{"0":{"name":"AppContainer","decl":{"start":{"line":18,"column":16},"end":{"line":18,"column":28}},"loc":{"start":{"line":18,"column":44},"end":{"line":57,"column":1}},"line":18},"1":{"name":"(anonymous_1)","decl":{"start":{"line":20,"column":4},"end":{"line":20,"column":5}},"loc":{"start":{"line":20,"column":13},"end":{"line":20,"column":37}},"line":20},"2":{"name":"(anonymous_2)","decl":{"start":{"line":32,"column":18},"end":{"line":32,"column":19}},"loc":{"start":{"line":32,"column":40},"end":{"line":32,"column":73}},"line":32}},"branchMap":{"0":{"loc":{"start":{"line":25,"column":7},"end":{"line":25,"column":43}},"type":"binary-expr","locations":[{"start":{"line":25,"column":7},"end":{"line":25,"column":25}},{"start":{"line":25,"column":29},"end":{"line":25,"column":43}}],"line":25}},"s":{"0":2,"1":5,"2":9,"3":4,"4":4},"f":{"0":5,"1":9,"2":4},"b":{"0":[4,3]},"_coverageSchema":"1a1c01bbd47fc00a2c39e90264f33305004495a9","hash":"232c525c73c8e9d6d9d8362bf5247654d37452db"}
,"/Users/uykalkan/Projects/plantapp/src/components/Onboarding.tsx": {"path":"/Users/uykalkan/Projects/plantapp/src/components/Onboarding.tsx","statementMap":{"0":{"start":{"line":12,"column":29},"end":{"line":53,"column":1}},"1":{"start":{"line":13,"column":40},"end":{"line":13,"column":51}},"2":{"start":{"line":14,"column":23},"end":{"line":14,"column":52}},"3":{"start":{"line":15,"column":48},"end":{"line":15,"column":62}},"4":{"start":{"line":17,"column":2},"end":{"line":19,"column":40}},"5":{"start":{"line":18,"column":4},"end":{"line":18,"column":54}},"6":{"start":{"line":23,"column":6},"end":{"line":25,"column":3}},"7":{"start":{"line":24,"column":4},"end":{"line":24,"column":47}},"8":{"start":{"line":27,"column":18},"end":{"line":29,"column":3}},"9":{"start":{"line":28,"column":4},"end":{"line":28,"column":46}},"10":{"start":{"line":31,"column":2},"end":{"line":52,"column":4}},"11":{"start":{"line":40,"column":47},"end":{"line":40,"column":57}},"12":{"start":{"line":43,"column":50},"end":{"line":43,"column":60}},"13":{"start":{"line":46,"column":50},"end":{"line":46,"column":60}},"14":{"start":{"line":55,"column":15},"end":{"line":60,"column":2}}},"fnMap":{"0":{"name":"(anonymous_0)","decl":{"start":{"line":12,"column":29},"end":{"line":12,"column":30}},"loc":{"start":{"line":12,"column":35},"end":{"line":53,"column":1}},"line":12},"1":{"name":"(anonymous_1)","decl":{"start":{"line":17,"column":12},"end":{"line":17,"column":13}},"loc":{"start":{"line":17,"column":18},"end":{"line":19,"column":3}},"line":17},"2":{"name":"(anonymous_2)","decl":{"start":{"line":23,"column":6},"end":{"line":23,"column":7}},"loc":{"start":{"line":23,"column":15},"end":{"line":25,"column":3}},"line":23},"3":{"name":"(anonymous_3)","decl":{"start":{"line":27,"column":18},"end":{"line":27,"column":19}},"loc":{"start":{"line":27,"column":42},"end":{"line":29,"column":3}},"line":27},"4":{"name":"(anonymous_4)","decl":{"start":{"line":40,"column":41},"end":{"line":40,"column":42}},"loc":{"start":{"line":40,"column":47},"end":{"line":40,"column":57}},"line":40},"5":{"name":"(anonymous_5)","decl":{"start":{"line":43,"column":44},"end":{"line":43,"column":45}},"loc":{"start":{"line":43,"column":50},"end":{"line":43,"column":60}},"line":43},"6":{"name":"(anonymous_6)","decl":{"start":{"line":46,"column":44},"end":{"line":46,"column":45}},"loc":{"start":{"line":46,"column":50},"end":{"line":46,"column":60}},"line":46}},"branchMap":{},"s":{"0":2,"1":8,"2":8,"3":8,"4":8,"5":4,"6":8,"7":0,"8":8,"9":1,"10":8,"11":1,"12":0,"13":0,"14":2},"f":{"0":8,"1":4,"2":0,"3":1,"4":1,"5":0,"6":0},"b":{},"_coverageSchema":"1a1c01bbd47fc00a2c39e90264f33305004495a9","hash":"d87d260679040f600b5ee20bf6f4c127036c0e96"}
,"/Users/uykalkan/Projects/plantapp/src/components/CustomTabBar/index.tsx": {"path":"/Users/uykalkan/Projects/plantapp/src/components/CustomTabBar/index.tsx","statementMap":{"0":{"start":{"line":22,"column":38},"end":{"line":37,"column":1}},"1":{"start":{"line":23,"column":2},"end":{"line":36,"column":4}},"2":{"start":{"line":39,"column":57},"end":{"line":97,"column":1}},"3":{"start":{"line":44,"column":19},"end":{"line":44,"column":35}},"4":{"start":{"line":46,"column":22},"end":{"line":76,"column":3}},"5":{"start":{"line":50,"column":6},"end":{"line":51,"column":33}},"6":{"start":{"line":53,"column":21},"end":{"line":53,"column":45}},"7":{"start":{"line":55,"column":20},"end":{"line":65,"column":5}},"8":{"start":{"line":56,"column":20},"end":{"line":60,"column":8}},"9":{"start":{"line":62,"column":6},"end":{"line":64,"column":7}},"10":{"start":{"line":63,"column":8},"end":{"line":63,"column":57}},"11":{"start":{"line":67,"column":4},"end":{"line":73,"column":5}},"12":{"start":{"line":68,"column":6},"end":{"line":72,"column":8}},"13":{"start":{"line":75,"column":4},"end":{"line":75,"column":44}},"14":{"start":{"line":78,"column":30},"end":{"line":80,"column":3}},"15":{"start":{"line":79,"column":4},"end":{"line":79,"column":55}},"16":{"start":{"line":82,"column":2},"end":{"line":96,"column":4}}},"fnMap":{"0":{"name":"(anonymous_0)","decl":{"start":{"line":22,"column":38},"end":{"line":22,"column":39}},"loc":{"start":{"line":22,"column":77},"end":{"line":37,"column":1}},"line":22},"1":{"name":"(anonymous_1)","decl":{"start":{"line":39,"column":57},"end":{"line":39,"column":58}},"loc":{"start":{"line":43,"column":6},"end":{"line":97,"column":1}},"line":43},"2":{"name":"(anonymous_2)","decl":{"start":{"line":46,"column":22},"end":{"line":46,"column":23}},"loc":{"start":{"line":46,"column":44},"end":{"line":76,"column":3}},"line":46},"3":{"name":"(anonymous_3)","decl":{"start":{"line":55,"column":20},"end":{"line":55,"column":21}},"loc":{"start":{"line":55,"column":26},"end":{"line":65,"column":5}},"line":55},"4":{"name":"(anonymous_4)","decl":{"start":{"line":78,"column":30},"end":{"line":78,"column":31}},"loc":{"start":{"line":78,"column":36},"end":{"line":80,"column":3}},"line":78}},"branchMap":{"0":{"loc":{"start":{"line":26,"column":9},"end":{"line":30,"column":9}},"type":"binary-expr","locations":[{"start":{"line":26,"column":9},"end":{"line":26,"column":13}},{"start":{"line":27,"column":10},"end":{"line":29,"column":12}}],"line":26},"1":{"loc":{"start":{"line":28,"column":40},"end":{"line":28,"column":76}},"type":"binary-expr","locations":[{"start":{"line":28,"column":40},"end":{"line":28,"column":48}},{"start":{"line":28,"column":52},"end":{"line":28,"column":76}}],"line":28},"2":{"loc":{"start":{"line":32,"column":34},"end":{"line":32,"column":64}},"type":"binary-expr","locations":[{"start":{"line":32,"column":34},"end":{"line":32,"column":42}},{"start":{"line":32,"column":46},"end":{"line":32,"column":64}}],"line":32},"3":{"loc":{"start":{"line":50,"column":6},"end":{"line":51,"column":33}},"type":"binary-expr","locations":[{"start":{"line":50,"column":6},"end":{"line":50,"column":59}},{"start":{"line":51,"column":6},"end":{"line":51,"column":33}}],"line":50},"4":{"loc":{"start":{"line":62,"column":6},"end":{"line":64,"column":7}},"type":"if","locations":[{"start":{"line":62,"column":6},"end":{"line":64,"column":7}},{"start":{},"end":{}}],"line":62},"5":{"loc":{"start":{"line":62,"column":10},"end":{"line":62,"column":61}},"type":"binary-expr","locations":[{"start":{"line":62,"column":10},"end":{"line":62,"column":34}},{"start":{"line":62,"column":38},"end":{"line":62,"column":61}}],"line":62},"6":{"loc":{"start":{"line":67,"column":4},"end":{"line":73,"column":5}},"type":"if","locations":[{"start":{"line":67,"column":4},"end":{"line":73,"column":5}},{"start":{},"end":{}}],"line":67},"7":{"loc":{"start":{"line":71,"column":15},"end":{"line":71,"column":47}},"type":"cond-expr","locations":[{"start":{"line":71,"column":26},"end":{"line":71,"column":35}},{"start":{"line":71,"column":38},"end":{"line":71,"column":47}}],"line":71}},"s":{"0":2,"1":16,"2":2,"3":4,"4":4,"5":16,"6":16,"7":16,"8":0,"9":0,"10":0,"11":16,"12":16,"13":16,"14":4,"15":0,"16":4},"f":{"0":16,"1":4,"2":16,"3":0,"4":0},"b":{"0":[16,0],"1":[0,0],"2":[16,4],"3":[16,16],"4":[0,0],"5":[0,0],"6":[16,0],"7":[4,12]},"_coverageSchema":"1a1c01bbd47fc00a2c39e90264f33305004495a9","hash":"402493ffa96ff3127c9d028308f061761b4e9d97"}
,"/Users/uykalkan/Projects/plantapp/src/redux/store.ts": {"path":"/Users/uykalkan/Projects/plantapp/src/redux/store.ts","statementMap":{"0":{"start":{"line":15,"column":22},"end":{"line":19,"column":1}},"1":{"start":{"line":21,"column":20},"end":{"line":25,"column":2}},"2":{"start":{"line":27,"column":25},"end":{"line":27,"column":67}},"3":{"start":{"line":33,"column":21},"end":{"line":36,"column":2}},"4":{"start":{"line":38,"column":30},"end":{"line":38,"column":67}},"5":{"start":{"line":38,"column":36},"end":{"line":38,"column":67}},"6":{"start":{"line":39,"column":63},"end":{"line":39,"column":74}},"7":{"start":{"line":41,"column":25},"end":{"line":41,"column":44}}},"fnMap":{"0":{"name":"(anonymous_0)","decl":{"start":{"line":38,"column":30},"end":{"line":38,"column":31}},"loc":{"start":{"line":38,"column":36},"end":{"line":38,"column":67}},"line":38}},"branchMap":{},"s":{"0":2,"1":2,"2":2,"3":2,"4":2,"5":10,"6":2,"7":2},"f":{"0":10},"b":{},"_coverageSchema":"1a1c01bbd47fc00a2c39e90264f33305004495a9","hash":"cee6baf0bee6a958599b04ffa2d9bc69343b4c6f"}
,"/Users/uykalkan/Projects/plantapp/src/redux/reduces/onboardingSlice.ts": {"path":"/Users/uykalkan/Projects/plantapp/src/redux/reduces/onboardingSlice.ts","statementMap":{"0":{"start":{"line":3,"column":24},"end":{"line":16,"column":2}},"1":{"start":{"line":10,"column":6},"end":{"line":10,"column":27}},"2":{"start":{"line":13,"column":6},"end":{"line":13,"column":28}},"3":{"start":{"line":17,"column":33},"end":{"line":17,"column":56}}},"fnMap":{"0":{"name":"(anonymous_0)","decl":{"start":{"line":9,"column":24},"end":{"line":9,"column":25}},"loc":{"start":{"line":9,"column":33},"end":{"line":11,"column":5}},"line":9},"1":{"name":"(anonymous_1)","decl":{"start":{"line":12,"column":26},"end":{"line":12,"column":27}},"loc":{"start":{"line":12,"column":35},"end":{"line":14,"column":5}},"line":12}},"branchMap":{},"s":{"0":2,"1":1,"2":0,"3":2},"f":{"0":1,"1":0},"b":{},"_coverageSchema":"1a1c01bbd47fc00a2c39e90264f33305004495a9","hash":"ca541597537d3d6524b0ae2d3760333fc3727e37"}
,"/Users/uykalkan/Projects/plantapp/src/screens/GetStartedScreen/index.tsx": {"path":"/Users/uykalkan/Projects/plantapp/src/screens/GetStartedScreen/index.tsx","statementMap":{"0":{"start":{"line":17,"column":58},"end":{"line":55,"column":1}},"1":{"start":{"line":18,"column":2},"end":{"line":54,"column":4}}},"fnMap":{"0":{"name":"(anonymous_0)","decl":{"start":{"line":17,"column":58},"end":{"line":17,"column":59}},"loc":{"start":{"line":17,"column":79},"end":{"line":55,"column":1}},"line":17}},"branchMap":{},"s":{"0":2,"1":8},"f":{"0":8},"b":{},"_coverageSchema":"1a1c01bbd47fc00a2c39e90264f33305004495a9","hash":"b8c0baab0245d82e71b4dfbd31de954d7059da18"}
,"/Users/uykalkan/Projects/plantapp/src/screens/HomeScreen/index.tsx": {"path":"/Users/uykalkan/Projects/plantapp/src/screens/HomeScreen/index.tsx","statementMap":{"0":{"start":{"line":25,"column":58},"end":{"line":143,"column":1}},"1":{"start":{"line":26,"column":19},"end":{"line":26,"column":35}},"2":{"start":{"line":28,"column":20},"end":{"line":31,"column":16}},"3":{"start":{"line":29,"column":4},"end":{"line":29,"column":29}},"4":{"start":{"line":30,"column":4},"end":{"line":30,"column":30}},"5":{"start":{"line":33,"column":2},"end":{"line":38,"column":29}},"6":{"start":{"line":34,"column":4},"end":{"line":37,"column":7}},"7":{"start":{"line":35,"column":6},"end":{"line":35,"column":31}},"8":{"start":{"line":36,"column":6},"end":{"line":36,"column":32}},"9":{"start":{"line":40,"column":53},"end":{"line":42,"column":3}},"10":{"start":{"line":41,"column":13},"end":{"line":41,"column":27}},"11":{"start":{"line":44,"column":51},"end":{"line":46,"column":3}},"12":{"start":{"line":45,"column":13},"end":{"line":45,"column":27}},"13":{"start":{"line":48,"column":2},"end":{"line":48,"column":34}},"14":{"start":{"line":50,"column":68},"end":{"line":64,"column":3}},"15":{"start":{"line":53,"column":4},"end":{"line":63,"column":6}},"16":{"start":{"line":66,"column":68},"end":{"line":78,"column":3}},"17":{"start":{"line":69,"column":4},"end":{"line":77,"column":6}},"18":{"start":{"line":80,"column":2},"end":{"line":142,"column":4}},"19":{"start":{"line":129,"column":32},"end":{"line":129,"column":47}},"20":{"start":{"line":138,"column":32},"end":{"line":138,"column":47}}},"fnMap":{"0":{"name":"(anonymous_0)","decl":{"start":{"line":25,"column":58},"end":{"line":25,"column":59}},"loc":{"start":{"line":25,"column":76},"end":{"line":143,"column":1}},"line":25},"1":{"name":"(anonymous_1)","decl":{"start":{"line":28,"column":38},"end":{"line":28,"column":39}},"loc":{"start":{"line":28,"column":44},"end":{"line":31,"column":3}},"line":28},"2":{"name":"(anonymous_2)","decl":{"start":{"line":33,"column":12},"end":{"line":33,"column":13}},"loc":{"start":{"line":33,"column":18},"end":{"line":38,"column":3}},"line":33},"3":{"name":"(anonymous_3)","decl":{"start":{"line":34,"column":43},"end":{"line":34,"column":44}},"loc":{"start":{"line":34,"column":49},"end":{"line":37,"column":5}},"line":34},"4":{"name":"(anonymous_4)","decl":{"start":{"line":41,"column":4},"end":{"line":41,"column":5}},"loc":{"start":{"line":41,"column":13},"end":{"line":41,"column":27}},"line":41},"5":{"name":"(anonymous_5)","decl":{"start":{"line":45,"column":4},"end":{"line":45,"column":5}},"loc":{"start":{"line":45,"column":13},"end":{"line":45,"column":27}},"line":45},"6":{"name":"(anonymous_6)","decl":{"start":{"line":48,"column":12},"end":{"line":48,"column":13}},"loc":{"start":{"line":48,"column":18},"end":{"line":48,"column":20}},"line":48},"7":{"name":"(anonymous_7)","decl":{"start":{"line":50,"column":68},"end":{"line":50,"column":69}},"loc":{"start":{"line":52,"column":8},"end":{"line":64,"column":3}},"line":52},"8":{"name":"(anonymous_8)","decl":{"start":{"line":66,"column":68},"end":{"line":66,"column":69}},"loc":{"start":{"line":68,"column":8},"end":{"line":78,"column":3}},"line":68},"9":{"name":"(anonymous_9)","decl":{"start":{"line":129,"column":24},"end":{"line":129,"column":25}},"loc":{"start":{"line":129,"column":32},"end":{"line":129,"column":47}},"line":129},"10":{"name":"(anonymous_10)","decl":{"start":{"line":138,"column":24},"end":{"line":138,"column":25}},"loc":{"start":{"line":138,"column":32},"end":{"line":138,"column":47}},"line":138}},"branchMap":{"0":{"loc":{"start":{"line":85,"column":24},"end":{"line":85,"column":65}},"type":"binary-expr","locations":[{"start":{"line":85,"column":24},"end":{"line":85,"column":43}},{"start":{"line":85,"column":47},"end":{"line":85,"column":65}}],"line":85}},"s":{"0":2,"1":6,"2":6,"3":0,"4":0,"5":6,"6":3,"7":3,"8":3,"9":6,"10":12,"11":6,"12":12,"13":6,"14":6,"15":0,"16":6,"17":0,"18":6,"19":0,"20":0},"f":{"0":6,"1":0,"2":3,"3":3,"4":12,"5":12,"6":3,"7":0,"8":0,"9":0,"10":0},"b":{"0":[6,4]},"_coverageSchema":"1a1c01bbd47fc00a2c39e90264f33305004495a9","hash":"6a7e5f3938894dd0db46e45d41d109339d094003"}
,"/Users/uykalkan/Projects/plantapp/src/screens/OnboardingOneScreen/index.tsx": {"path":"/Users/uykalkan/Projects/plantapp/src/screens/OnboardingOneScreen/index.tsx","statementMap":{"0":{"start":{"line":18,"column":64},"end":{"line":53,"column":1}},"1":{"start":{"line":21,"column":2},"end":{"line":52,"column":4}}},"fnMap":{"0":{"name":"(anonymous_0)","decl":{"start":{"line":18,"column":64},"end":{"line":18,"column":65}},"loc":{"start":{"line":20,"column":6},"end":{"line":53,"column":1}},"line":20}},"branchMap":{},"s":{"0":2,"1":8},"f":{"0":8},"b":{},"_coverageSchema":"1a1c01bbd47fc00a2c39e90264f33305004495a9","hash":"827815e62a3b92fd6eddddea51ab49423865d4ab"}
}
