TN:
SF:AppContainer.tsx
FN:18,AppContainer
FN:20,(anonymous_1)
FN:32,(anonymous_2)
FNF:3
FNH:3
FNDA:5,AppContainer
FNDA:9,(anonymous_1)
FNDA:4,(anonymous_2)
DA:16,2
DA:19,5
DA:20,9
DA:23,4
DA:32,4
LF:5
LH:5
BRDA:25,0,0,4
BRDA:25,0,1,3
BRF:2
BRH:2
end_of_record
TN:
SF:src/components/Onboarding.tsx
FN:12,(anonymous_0)
FN:17,(anonymous_1)
FN:23,(anonymous_2)
FN:27,(anonymous_3)
FN:40,(anonymous_4)
FN:43,(anonymous_5)
FN:46,(anonymous_6)
FNF:7
FNH:4
FNDA:8,(anonymous_0)
FNDA:4,(anonymous_1)
FNDA:0,(anonymous_2)
FNDA:1,(anonymous_3)
FNDA:1,(anonymous_4)
FNDA:0,(anonymous_5)
FNDA:0,(anonymous_6)
DA:12,2
DA:13,8
DA:14,8
DA:15,8
DA:17,8
DA:18,4
DA:23,8
DA:24,0
DA:27,8
DA:28,1
DA:31,8
DA:40,1
DA:43,0
DA:46,0
DA:55,2
LF:15
LH:12
BRF:0
BRH:0
end_of_record
TN:
SF:src/components/CustomTabBar/index.tsx
FN:22,(anonymous_0)
FN:39,(anonymous_1)
FN:46,(anonymous_2)
FN:55,(anonymous_3)
FN:78,(anonymous_4)
FNF:5
FNH:3
FNDA:16,(anonymous_0)
FNDA:4,(anonymous_1)
FNDA:16,(anonymous_2)
FNDA:0,(anonymous_3)
FNDA:0,(anonymous_4)
DA:22,2
DA:23,16
DA:39,2
DA:44,4
DA:46,4
DA:50,16
DA:53,16
DA:55,16
DA:56,0
DA:62,0
DA:63,0
DA:67,16
DA:68,16
DA:75,16
DA:78,4
DA:79,0
DA:82,4
LF:17
LH:13
BRDA:26,0,0,16
BRDA:26,0,1,0
BRDA:28,1,0,0
BRDA:28,1,1,0
BRDA:32,2,0,16
BRDA:32,2,1,4
BRDA:50,3,0,16
BRDA:50,3,1,16
BRDA:62,4,0,0
BRDA:62,4,1,0
BRDA:62,5,0,0
BRDA:62,5,1,0
BRDA:67,6,0,16
BRDA:67,6,1,0
BRDA:71,7,0,4
BRDA:71,7,1,12
BRF:16
BRH:8
end_of_record
TN:
SF:src/redux/store.ts
FN:38,(anonymous_0)
FNF:1
FNH:1
FNDA:10,(anonymous_0)
DA:15,2
DA:21,2
DA:27,2
DA:33,2
DA:38,10
DA:39,2
DA:41,2
LF:7
LH:7
BRF:0
BRH:0
end_of_record
TN:
SF:src/redux/reduces/onboardingSlice.ts
FN:9,(anonymous_0)
FN:12,(anonymous_1)
FNF:2
FNH:1
FNDA:1,(anonymous_0)
FNDA:0,(anonymous_1)
DA:3,2
DA:10,1
DA:13,0
DA:17,2
LF:4
LH:3
BRF:0
BRH:0
end_of_record
TN:
SF:src/screens/GetStartedScreen/index.tsx
FN:17,(anonymous_0)
FNF:1
FNH:1
FNDA:8,(anonymous_0)
DA:17,2
DA:18,8
LF:2
LH:2
BRF:0
BRH:0
end_of_record
TN:
SF:src/screens/HomeScreen/index.tsx
FN:25,(anonymous_0)
FN:28,(anonymous_1)
FN:33,(anonymous_2)
FN:34,(anonymous_3)
FN:41,(anonymous_4)
FN:45,(anonymous_5)
FN:48,(anonymous_6)
FN:50,(anonymous_7)
FN:66,(anonymous_8)
FN:129,(anonymous_9)
FN:138,(anonymous_10)
FNF:11
FNH:6
FNDA:6,(anonymous_0)
FNDA:0,(anonymous_1)
FNDA:3,(anonymous_2)
FNDA:3,(anonymous_3)
FNDA:12,(anonymous_4)
FNDA:12,(anonymous_5)
FNDA:3,(anonymous_6)
FNDA:0,(anonymous_7)
FNDA:0,(anonymous_8)
FNDA:0,(anonymous_9)
FNDA:0,(anonymous_10)
DA:25,2
DA:26,6
DA:28,6
DA:29,0
DA:30,0
DA:33,6
DA:34,3
DA:35,3
DA:36,3
DA:40,6
DA:41,12
DA:44,6
DA:45,12
DA:48,6
DA:50,6
DA:53,0
DA:66,6
DA:69,0
DA:80,6
DA:129,0
DA:138,0
LF:21
LH:15
BRDA:85,0,0,6
BRDA:85,0,1,4
BRF:2
BRH:2
end_of_record
TN:
SF:src/screens/OnboardingOneScreen/index.tsx
FN:18,(anonymous_0)
FNF:1
FNH:1
FNDA:8,(anonymous_0)
DA:18,2
DA:21,8
LF:2
LH:2
BRF:0
BRH:0
end_of_record
